<?xml version="1.0" encoding="UTF-8"?>
<testsuite name="org.zerock.dao.ConnectTests" tests="1" skipped="0" failures="0" errors="0" timestamp="2024-07-23T06:47:01" hostname="BOOK-PVIEOTPVKE" time="0.207">
  <properties/>
  <testcase name="testConnection()" classname="org.zerock.dao.ConnectTests" time="0.207"/>
  <system-out><![CDATA[org.mariadb.jdbc.Connection@1984b1f
]]></system-out>
  <system-err><![CDATA[SLF4J: No SLF4J providers were found.
SLF4J: Defaulting to no-operation (NOP) logger implementation
SLF4J: See https://www.slf4j.org/codes.html#noProviders for further details.
]]></system-err>
</testsuite>
